<?xml version="1.0" encoding="UTF-8"?>
<testng-results skipped="0" failed="0" ignored="0" total="2" passed="2">
  <reporter-output>
  </reporter-output>
  <suite name="Default suite" duration-ms="13046" started-at="2020-07-12T19:54:25Z" finished-at="2020-07-12T19:54:38Z">
    <groups>
    </groups>
    <test name="Default test" duration-ms="13046" started-at="2020-07-12T19:54:25Z" finished-at="2020-07-12T19:54:38Z">
      <class name="tests.ParallelExecution">
        <test-method status="PASS" signature="chromBrowswer()[pri:0, instance:tests.ParallelExecution@1f28c152]" name="chromBrowswer" duration-ms="7003" started-at="2020-07-12T19:54:25Z" finished-at="2020-07-12T19:54:32Z">
          <reporter-output>
          </reporter-output>
        </test-method> <!-- chromBrowswer -->
        <test-method status="PASS" signature="internetExpBrowswer()[pri:0, instance:tests.ParallelExecution@1f28c152]" name="internetExpBrowswer" duration-ms="6016" started-at="2020-07-12T19:54:32Z" finished-at="2020-07-12T19:54:38Z">
          <reporter-output>
          </reporter-output>
        </test-method> <!-- internetExpBrowswer -->
      </class> <!-- tests.ParallelExecution -->
    </test> <!-- Default test -->
  </suite> <!-- Default suite -->
</testng-results>
